p/1666695869499.jpg 1 0 0 153 113
p/1666695862262.jpg 1 0 0 147 107
p/1666695859662.jpg 1 0 0 147 114
p/1666695856632.jpg 1 0 0 138 107
p/1666695853702.jpg 1 0 0 138 116
p/1666695837145.jpg 1 0 0 138 102
p/1666695833970.jpg 1 0 0 145 116
p/1666695831069.jpg 1 0 0 139 116
p/1666695827906.jpg 1 0 0 133 124
p/1666695824484.jpg 1 0 0 148 126
p/1666695821753.jpg 1 0 0 143 126
p/1666695818923.jpg 1 0 0 157 112
p/1666695816521.jpg 1 0 0 134 110
p/1666695812651.jpg 1 0 0 131 115
p/1666695810224.jpg 1 0 0 138 122
p/1666695807466.jpg 1 0 0 149 125
p/1666695802459.jpg 1 0 0 158 116
p/1666695799219.jpg 1 0 0 133 126
p/1666695795823.jpg 1 0 0 143 115
p/1666695791563.jpg 1 0 0 147 123
p/1666695788884.jpg 1 0 0 140 132
p/1666695786201.jpg 1 0 0 139 123
p/1666695782813.jpg 1 0 0 144 115
p/1666695776817.jpg 1 0 0 137 124
p/1666695773463.jpg 1 0 0 132 138
p/1666695767768.jpg 1 0 0 150 134
p/1666695764451.jpg 1 0 0 134 130
p/1666695761285.jpg 1 0 0 149 104
p/1666695758823.jpg 1 0 0 144 119
p/1666695755788.jpg 1 0 0 133 125
p/1666695745826.jpg 1 0 0 145 132
p/1666695740538.jpg 1 0 0 129 124
p/1666695737202.jpg 1 0 0 147 119
p/1666695733896.jpg 1 0 0 146 111
p/1666695730946.jpg 1 0 0 148 109
p/1666695727500.jpg 1 0 0 149 113
p/1666695722388.jpg 1 0 0 154 109
p/1666695718936.jpg 1 0 0 161 100
p/1666695716053.jpg 1 0 0 148 108
p/1666695713449.jpg 1 0 0 142 106
p/1666695709351.jpg 1 0 0 150 100
p/1666695704833.jpg 1 0 0 140 115
p/1666695702431.jpg 1 0 0 139 104
p/1666695700107.jpg 1 0 0 143 107
p/1666695697450.jpg 1 0 0 140 115
p/1666695693607.jpg 1 0 0 150 105
p/1666695686594.jpg 1 0 0 144 96
p/1666695683514.jpg 1 0 0 142 105
p/1666695679993.jpg 1 0 0 132 101
p/1666695674188.jpg 1 0 0 144 103
p/1666695671222.jpg 1 0 0 133 100
p/1666695668527.jpg 1 0 0 135 100
p/1666695665358.jpg 1 0 0 132 99
p/1666695655928.jpg 1 0 0 134 106